#
# There is insufficient memory for the Java Runtime Environment to continue.
# Native memory allocation (malloc) failed to allocate 1048576 bytes for AllocateHeap
# Possible reasons:
#   The system is out of physical RAM or swap space
#   The process is running with CompressedOops enabled, and the Java Heap may be blocking the growth of the native heap
# Possible solutions:
#   Reduce memory load on the system
#   Increase physical memory or swap space
#   Check if swap backing store is full
#   Decrease Java heap size (-Xmx/-Xms)
#   Decrease number of Java threads
#   Decrease Java thread stack sizes (-Xss)
#   Set larger code cache with -XX:ReservedCodeCacheSize=
#   JVM is running with Zero Based Compressed Oops mode in which the Java heap is
#     placed in the first 32GB address space. The Java Heap base address is the
#     maximum limit for the native heap growth. Please use -XX:HeapBaseMinAddress
#     to set the Java Heap base and to place the Java Heap above 32GB virtual address.
# This output file may be truncated or incomplete.
#
#  Out of Memory Error (./open/src/hotspot/share/memory/allocation.cpp:46), pid=120900, tid=119020
#
# JRE version: Java(TM) SE Runtime Environment 18.9 (11.0.14+8) (build 11.0.14+8-LTS-263)
# Java VM: Java HotSpot(TM) 64-Bit Server VM 18.9 (11.0.14+8-LTS-263, mixed mode, tiered, compressed oops, g1 gc, windows-amd64)
# No core dump will be written. Minidumps are not enabled by default on client versions of Windows
#

---------------  S U M M A R Y ------------

Command Line: -XX:TieredStopAtLevel=1 -Xverify:none -Dspring.output.ansi.enabled=always -Dcom.sun.management.jmxremote -Dspring.jmx.enabled=true -Dspring.liveBeansView.mbeanDomain -Dspring.application.admin.enabled=true -javaagent:C:\Program Files\JetBrains\IntelliJ IDEA 2020.1.1\lib\idea_rt.jar=60492:C:\Program Files\JetBrains\IntelliJ IDEA 2020.1.1\bin -Dfile.encoding=UTF-8 com.mvcconsulting.datatransfer.core.CoreApplication

Host: Intel(R) Core(TM) i7-7700HQ CPU @ 2.80GHz, 8 cores, 15G,  Windows 10 , 64 bit Build 19041 (10.0.19041.1566)
Time: Sat Apr  9 18:22:40 2022 AUS Eastern Standard Time elapsed time: 4.958825 seconds (0d 0h 0m 4s)

---------------  T H R E A D  ---------------

Current thread (0x0000018c2e85c000):  VMThread "VM Thread" [stack: 0x00000054b7a00000,0x00000054b7b00000] [id=119020]

Stack: [0x00000054b7a00000,0x00000054b7b00000]
[error occurred during error reporting (printing stack bounds), id 0xc0000005, EXCEPTION_ACCESS_VIOLATION (0xc0000005) at pc=0x0000018c12a40f2d]

Native frames: (J=compiled Java code, j=interpreted, Vv=VM code, C=native code)
V  [jvm.dll+0x6296da]
V  [jvm.dll+0x76323f]
V  [jvm.dll+0x7648e9]
V  [jvm.dll+0x764ed5]
V  [jvm.dll+0x764e8b]
V  [jvm.dll+0x628c23]
V  [jvm.dll+0x6292d8]
C  [ntdll.dll+0xa20cf]
C  [ntdll.dll+0x51454]
C  [ntdll.dll+0xa0bfe]
C  0x0000018c12a40f2d

VM_Operation (0x00000054b74f85e0): CollectForMetadataAllocation, mode: safepoint, requested by thread 0x0000018c0b3cc800


---------------  P R O C E S S  ---------------

Threads class SMR info:
_java_thread_list=0x0000018c30732bc0, length=20, elements={
0x0000018c0b3cc800, 0x0000018c2e880000, 0x0000018c2e889000, 0x0000018c2e8e0800,
0x0000018c2e8e1800, 0x0000018c2e8e3800, 0x0000018c2e8ed000, 0x0000018c2e8f0000,
0x0000018c2e850800, 0x0000018c2f074800, 0x0000018c2f1cb800, 0x0000018c2fefd800,
0x0000018c30089800, 0x0000018c30763000, 0x0000018c30a54000, 0x0000018c30aa0000,
0x0000018c30aa1800, 0x0000018c30aaa800, 0x0000018c30925000, 0x0000018c30924800
}

Java Threads: ( => current thread )
  0x0000018c0b3cc800 JavaThread "main" [_thread_blocked, id=117428, stack(0x00000054b7400000,0x00000054b7500000)]
  0x0000018c2e880000 JavaThread "Reference Handler" daemon [_thread_blocked, id=109964, stack(0x00000054b7b00000,0x00000054b7c00000)]
  0x0000018c2e889000 JavaThread "Finalizer" daemon [_thread_blocked, id=81488, stack(0x00000054b7c00000,0x00000054b7d00000)]
  0x0000018c2e8e0800 JavaThread "Signal Dispatcher" daemon [_thread_blocked, id=120848, stack(0x00000054b7d00000,0x00000054b7e00000)]
  0x0000018c2e8e1800 JavaThread "Attach Listener" daemon [_thread_blocked, id=75684, stack(0x00000054b7e00000,0x00000054b7f00000)]
  0x0000018c2e8e3800 JavaThread "Service Thread" daemon [_thread_blocked, id=125032, stack(0x00000054b7f00000,0x00000054b8000000)]
  0x0000018c2e8ed000 JavaThread "C1 CompilerThread0" daemon [_thread_blocked, id=113128, stack(0x00000054b8000000,0x00000054b8100000)]
  0x0000018c2e8f0000 JavaThread "Sweeper thread" daemon [_thread_blocked, id=120152, stack(0x00000054b8100000,0x00000054b8200000)]
  0x0000018c2e850800 JavaThread "Common-Cleaner" daemon [_thread_blocked, id=123316, stack(0x00000054b8200000,0x00000054b8300000)]
  0x0000018c2f074800 JavaThread "Monitor Ctrl-Break" daemon [_thread_in_native, id=119132, stack(0x00000054b8300000,0x00000054b8400000)]
  0x0000018c2f1cb800 JavaThread "RMI TCP Accept-0" daemon [_thread_in_native, id=119416, stack(0x00000054b8400000,0x00000054b8500000)]
  0x0000018c2fefd800 JavaThread "RMI TCP Connection(2)-172.20.224.1" daemon [_thread_in_native, id=94680, stack(0x00000054b8c00000,0x00000054b8d00000)]
  0x0000018c30089800 JavaThread "RMI Scheduler(0)" daemon [_thread_blocked, id=105196, stack(0x00000054b8d00000,0x00000054b8e00000)]
  0x0000018c30763000 JavaThread "RMI TCP Connection(3)-172.20.224.1" daemon [_thread_in_native, id=95204, stack(0x00000054b8e00000,0x00000054b8f00000)]
  0x0000018c30a54000 JavaThread "Catalina-utility-1" [_thread_blocked, id=106188, stack(0x00000054b9000000,0x00000054b9100000)]
  0x0000018c30aa0000 JavaThread "Catalina-utility-2" [_thread_blocked, id=120628, stack(0x00000054b9100000,0x00000054b9200000)]
  0x0000018c30aa1800 JavaThread "container-0" [_thread_blocked, id=124280, stack(0x00000054b9200000,0x00000054b9300000)]
  0x0000018c30aaa800 JavaThread "mysql-cj-abandoned-connection-cleanup" daemon [_thread_blocked, id=112572, stack(0x00000054b9300000,0x00000054b9400000)]
  0x0000018c30925000 JavaThread "HikariPool-1 housekeeper" daemon [_thread_blocked, id=119900, stack(0x00000054b9400000,0x00000054b9500000)]
  0x0000018c30924800 JavaThread "HikariPool-1 connection adder" daemon [_thread_blocked, id=6424, stack(0x00000054b9500000,0x00000054b9600000)]

Other Threads:
=>0x0000018c2e85c000 VMThread "VM Thread" [stack: 0x00000054b7a00000,0x00000054b7b00000] [id=119020]
  0x0000018c2f1c1800 WatcherThread [stack: 0x00000054b8500000,0x00000054b8600000] [id=124608]
  0x0000018c0b3e0800 GCTaskThread "GC Thread#0" [stack: 0x00000054b7500000,0x00000054b7600000] [id=77508]
  0x0000018c2fec5800 GCTaskThread "GC Thread#1" [stack: 0x00000054b8600000,0x00000054b8700000] [id=103136]
  0x0000018c2f138800 GCTaskThread "GC Thread#2" [stack: 0x00000054b8700000,0x00000054b8800000] [id=120076]
  0x0000018c2fee6000 GCTaskThread "GC Thread#3" [stack: 0x00000054b8800000,0x00000054b8900000] [id=117596]
  0x0000018c2fee7000 GCTaskThread "GC Thread#4" [stack: 0x00000054b8900000,0x00000054b8a00000] [id=124332]
  0x0000018c2fee8000 GCTaskThread "GC Thread#5" [stack: 0x00000054b8a00000,0x00000054b8b00000] [id=121972]
  0x0000018c30b49800 GCTaskThread "GC Thread#6" [stack: 0x00000054b9600000,0x00000054b9700000] [id=55900]
  0x0000018c30d1e800 GCTaskThread "GC Thread#7" [stack: 0x00000054b9700000,0x00000054b9800000] [id=76348]
  0x0000018c0b43c800 ConcurrentGCThread "G1 Main Marker" [stack: 0x00000054b7600000,0x00000054b7700000] [id=124568]
  0x0000018c0b440800 ConcurrentGCThread "G1 Conc#0" [stack: 0x00000054b7700000,0x00000054b7800000] [id=89788]
  0x0000018c30150000 ConcurrentGCThread "G1 Conc#1" [stack: 0x00000054b8f00000,0x00000054b9000000] [id=118868]
  0x0000018c2dec0800 ConcurrentGCThread "G1 Refine#0" [stack: 0x00000054b7800000,0x00000054b7900000] [id=122040]
  0x0000018c2eb59800 ConcurrentGCThread "G1 Refine#1" [stack: 0x00000054b8b00000,0x00000054b8c00000] [id=121748]
  0x0000018c2dec1800 ConcurrentGCThread "G1 Young RemSet Sampling" [stack: 0x00000054b7900000,0x00000054b7a00000] [id=108680]

Threads with active compile tasks:
C1 CompilerThread0   4984 3919       1       java.lang.invoke.MethodHandles::foldArgumentChecks (217 bytes)

VM state:at safepoint (normal execution)

VM Mutex/Monitor currently owned by a thread:  ([mutex/lock_event])
[0x0000018c0b3c8800] Threads_lock - owner thread: 0x0000018c2e85c000
[0x0000018c0b3c8bf0] Heap_lock - owner thread: 0x0000018c0b3cc800

Heap address: 0x0000000702600000, size: 4058 MB, Compressed Oops mode: Zero based, Oop shift amount: 3
Narrow klass base: 0x0000000800000000, Narrow klass shift: 0
Compressed class space size: 1073741824 Address: 0x0000000800000000

Heap:
 garbage-first heap   total 260096K, used 21337K [0x0000000702600000, 0x0000000800000000)
  region size 1024K, 9 young (9216K), 9 survivors (9216K)
 Metaspace       used 43090K, capacity 44554K, committed 44672K, reserved 1112064K
  class space    used 5543K, capacity 6180K, committed 6272K, reserved 1048576K
Heap Regions: E=young(eden), S=young(survivor), O=old, HS=humongous(starts), HC=humongous(continues), CS=collection set, F=free, A=archive, TAMS=top-at-mark-start (previous, next)
|   0|0x0000000702600000, 0x0000000702700000, 0x0000000702700000|100%|HS|  |TAMS 0x0000000702700000, 0x0000000702700000| Complete 
|   1|0x0000000702700000, 0x0000000702800000, 0x0000000702800000|100%| O|  |TAMS 0x0000000702800000, 0x0000000702800000| Untracked 
|   2|0x0000000702800000, 0x0000000702900000, 0x0000000702900000|100%| O|  |TAMS 0x0000000702900000, 0x0000000702900000| Untracked 
|   3|0x0000000702900000, 0x0000000702a00000, 0x0000000702a00000|100%| O|  |TAMS 0x0000000702a00000, 0x0000000702a00000| Untracked 
|   4|0x0000000702a00000, 0x0000000702b00000, 0x0000000702b00000|100%| O|  |TAMS 0x0000000702b00000, 0x0000000702b00000| Untracked 
|   5|0x0000000702b00000, 0x0000000702c00000, 0x0000000702c00000|100%| O|  |TAMS 0x0000000702c00000, 0x0000000702c00000| Untracked 
|   6|0x0000000702c00000, 0x0000000702d00000, 0x0000000702d00000|100%| O|  |TAMS 0x0000000702d00000, 0x0000000702d00000| Untracked 
|   7|0x0000000702d00000, 0x0000000702e00000, 0x0000000702e00000|100%| O|  |TAMS 0x0000000702e00000, 0x0000000702e00000| Untracked 
|   8|0x0000000702e00000, 0x0000000702f00000, 0x0000000702f00000|100%| O|  |TAMS 0x0000000702e52200, 0x0000000702f00000| Untracked 
|   9|0x0000000702f00000, 0x0000000703000000, 0x0000000703000000|100%| O|  |TAMS 0x0000000702f00000, 0x0000000703000000| Untracked 
|  10|0x0000000703000000, 0x0000000703100000, 0x0000000703100000|100%| O|  |TAMS 0x0000000703000000, 0x0000000703100000| Untracked 
|  11|0x0000000703100000, 0x00000007031d6600, 0x0000000703200000| 83%| O|  |TAMS 0x0000000703100000, 0x00000007031d6600| Untracked 
|  12|0x0000000703200000, 0x0000000703200000, 0x0000000703300000|  0%| F|  |TAMS 0x0000000703200000, 0x0000000703200000| Untracked 
|  13|0x0000000703300000, 0x0000000703300000, 0x0000000703400000|  0%| F|  |TAMS 0x0000000703300000, 0x0000000703300000| Untracked 
|  14|0x0000000703400000, 0x0000000703400000, 0x0000000703500000|  0%| F|  |TAMS 0x0000000703400000, 0x0000000703400000| Untracked 
|  15|0x0000000703500000, 0x0000000703500000, 0x0000000703600000|  0%| F|  |TAMS 0x0000000703500000, 0x0000000703500000| Untracked 
|  16|0x0000000703600000, 0x0000000703600000, 0x0000000703700000|  0%| F|  |TAMS 0x0000000703600000, 0x0000000703600000| Untracked 
|  17|0x0000000703700000, 0x0000000703700000, 0x0000000703800000|  0%| F|  |TAMS 0x0000000703700000, 0x0000000703700000| Untracked 
|  18|0x0000000703800000, 0x0000000703800000, 0x0000000703900000|  0%| F|  |TAMS 0x0000000703800000, 0x0000000703800000| Untracked 
|  19|0x0000000703900000, 0x0000000703900000, 0x0000000703a00000|  0%| F|  |TAMS 0x0000000703900000, 0x0000000703900000| Untracked 
|  20|0x0000000703a00000, 0x0000000703a00000, 0x0000000703b00000|  0%| F|  |TAMS 0x0000000703a00000, 0x0000000703a00000| Untracked 
|  21|0x0000000703b00000, 0x0000000703b00000, 0x0000000703c00000|  0%| F|  |TAMS 0x0000000703b00000, 0x0000000703b00000| Untracked 
|  22|0x0000000703c00000, 0x0000000703c00000, 0x0000000703d00000|  0%| F|  |TAMS 0x0000000703c00000, 0x0000000703c00000| Untracked 
|  23|0x0000000703d00000, 0x0000000703d00000, 0x0000000703e00000|  0%| F|  |TAMS 0x0000000703d00000, 0x0000000703d00000| Untracked 
|  24|0x0000000703e00000, 0x0000000703e00000, 0x0000000703f00000|  0%| F|  |TAMS 0x0000000703e00000, 0x0000000703e00000| Untracked 
|  25|0x0000000703f00000, 0x0000000703f00000, 0x0000000704000000|  0%| F|  |TAMS 0x0000000703f00000, 0x0000000703f00000| Untracked 
|  26|0x0000000704000000, 0x0000000704000000, 0x0000000704100000|  0%| F|  |TAMS 0x0000000704000000, 0x0000000704000000| Untracked 
|  27|0x0000000704100000, 0x0000000704100000, 0x0000000704200000|  0%| F|  |TAMS 0x0000000704100000, 0x0000000704100000| Untracked 
|  28|0x0000000704200000, 0x0000000704200000, 0x0000000704300000|  0%| F|  |TAMS 0x0000000704200000, 0x0000000704200000| Untracked 
|  29|0x0000000704300000, 0x0000000704300000, 0x0000000704400000|  0%| F|  |TAMS 0x0000000704300000, 0x0000000704300000| Untracked 
|  30|0x0000000704400000, 0x0000000704400000, 0x0000000704500000|  0%| F|  |TAMS 0x0000000704400000, 0x0000000704400000| Untracked 
|  31|0x0000000704500000, 0x0000000704500000, 0x0000000704600000|  0%| F|  |TAMS 0x0000000704500000, 0x0000000704500000| Untracked 
|  32|0x0000000704600000, 0x0000000704600000, 0x0000000704700000|  0%| F|  |TAMS 0x0000000704600000, 0x0000000704600000| Untracked 
|  33|0x0000000704700000, 0x0000000704700000, 0x0000000704800000|  0%| F|  |TAMS 0x0000000704700000, 0x0000000704700000| Untracked 
|  34|0x0000000704800000, 0x0000000704800000, 0x0000000704900000|  0%| F|  |TAMS 0x0000000704800000, 0x0000000704800000| Untracked 
|  35|0x0000000704900000, 0x0000000704900000, 0x0000000704a00000|  0%| F|  |TAMS 0x0000000704900000, 0x0000000704900000| Untracked 
|  36|0x0000000704a00000, 0x0000000704a00000, 0x0000000704b00000|  0%| F|  |TAMS 0x0000000704a00000, 0x0000000704a00000| Untracked 
|  37|0x0000000704b00000, 0x0000000704b00000, 0x0000000704c00000|  0%| F|  |TAMS 0x0000000704b00000, 0x0000000704b00000| Untracked 
|  38|0x0000000704c00000, 0x0000000704c00000, 0x0000000704d00000|  0%| F|  |TAMS 0x0000000704c00000, 0x0000000704c00000| Untracked 
|  39|0x0000000704d00000, 0x0000000704d00000, 0x0000000704e00000|  0%| F|  |TAMS 0x0000000704d00000, 0x0000000704d00000| Untracked 
|  40|0x0000000704e00000, 0x0000000704e00000, 0x0000000704f00000|  0%| F|  |TAMS 0x0000000704e00000, 0x0000000704e00000| Untracked 
|  41|0x0000000704f00000, 0x0000000704f00000, 0x0000000705000000|  0%| F|  |TAMS 0x0000000704f00000, 0x0000000704f00000| Untracked 
|  42|0x0000000705000000, 0x0000000705000000, 0x0000000705100000|  0%| F|  |TAMS 0x0000000705000000, 0x0000000705000000| Untracked 
|  43|0x0000000705100000, 0x0000000705100000, 0x0000000705200000|  0%| F|  |TAMS 0x0000000705100000, 0x0000000705100000| Untracked 
|  44|0x0000000705200000, 0x0000000705200000, 0x0000000705300000|  0%| F|  |TAMS 0x0000000705200000, 0x0000000705200000| Untracked 
|  45|0x0000000705300000, 0x0000000705300000, 0x0000000705400000|  0%| F|  |TAMS 0x0000000705300000, 0x0000000705300000| Untracked 
|  46|0x0000000705400000, 0x0000000705400000, 0x0000000705500000|  0%| F|  |TAMS 0x0000000705400000, 0x0000000705400000| Untracked 
|  47|0x0000000705500000, 0x0000000705500000, 0x0000000705600000|  0%| F|  |TAMS 0x0000000705500000, 0x0000000705500000| Untracked 
|  48|0x0000000705600000, 0x0000000705600000, 0x0000000705700000|  0%| F|  |TAMS 0x0000000705600000, 0x0000000705600000| Untracked 
|  49|0x0000000705700000, 0x0000000705700000, 0x0000000705800000|  0%| F|  |TAMS 0x0000000705700000, 0x0000000705700000| Untracked 
|  50|0x0000000705800000, 0x0000000705800000, 0x0000000705900000|  0%| F|  |TAMS 0x0000000705800000, 0x0000000705800000| Untracked 
|  51|0x0000000705900000, 0x0000000705900000, 0x0000000705a00000|  0%| F|  |TAMS 0x0000000705900000, 0x0000000705900000| Untracked 
|  52|0x0000000705a00000, 0x0000000705a00000, 0x0000000705b00000|  0%| F|  |TAMS 0x0000000705a00000, 0x0000000705a00000| Untracked 
|  53|0x0000000705b00000, 0x0000000705b00000, 0x0000000705c00000|  0%| F|  |TAMS 0x0000000705b00000, 0x0000000705b00000| Untracked 
|  54|0x0000000705c00000, 0x0000000705c00000, 0x0000000705d00000|  0%| F|  |TAMS 0x0000000705c00000, 0x0000000705c00000| Untracked 
|  55|0x0000000705d00000, 0x0000000705d00000, 0x0000000705e00000|  0%| F|  |TAMS 0x0000000705d00000, 0x0000000705d00000| Untracked 
|  56|0x0000000705e00000, 0x0000000705e00000, 0x0000000705f00000|  0%| F|  |TAMS 0x0000000705e00000, 0x0000000705e00000| Untracked 
|  57|0x0000000705f00000, 0x0000000705f00000, 0x0000000706000000|  0%| F|  |TAMS 0x0000000705f00000, 0x0000000705f00000| Untracked 
|  58|0x0000000706000000, 0x0000000706000000, 0x0000000706100000|  0%| F|  |TAMS 0x0000000706000000, 0x0000000706000000| Untracked 
|  59|0x0000000706100000, 0x0000000706100000, 0x0000000706200000|  0%| F|  |TAMS 0x0000000706100000, 0x0000000706100000| Untracked 
|  60|0x0000000706200000, 0x0000000706200000, 0x0000000706300000|  0%| F|  |TAMS 0x0000000706200000, 0x0000000706200000| Untracked 
|  61|0x0000000706300000, 0x0000000706300000, 0x0000000706400000|  0%| F|  |TAMS 0x0000000706300000, 0x0000000706300000| Untracked 
|  62|0x0000000706400000, 0x0000000706400000, 0x0000000706500000|  0%| F|  |TAMS 0x0000000706400000, 0x0000000706400000| Untracked 
|  63|0x0000000706500000, 0x0000000706500000, 0x0000000706600000|  0%| F|  |TAMS 0x0000000706500000, 0x0000000706500000| Untracked 
|  64|0x0000000706600000, 0x0000000706600000, 0x0000000706700000|  0%| F|  |TAMS 0x0000000706600000, 0x0000000706600000| Untracked 
|  65|0x0000000706700000, 0x0000000706700000, 0x0000000706800000|  0%| F|  |TAMS 0x0000000706700000, 0x0000000706700000| Untracked 
|  66|0x0000000706800000, 0x0000000706800000, 0x0000000706900000|  0%| F|  |TAMS 0x0000000706800000, 0x0000000706800000| Untracked 
|  67|0x0000000706900000, 0x0000000706900000, 0x0000000706a00000|  0%| F|  |TAMS 0x0000000706900000, 0x0000000706900000| Untracked 
|  68|0x0000000706a00000, 0x0000000706a00000, 0x0000000706b00000|  0%| F|  |TAMS 0x0000000706a00000, 0x0000000706a00000| Untracked 
|  69|0x0000000706b00000, 0x0000000706b00000, 0x0000000706c00000|  0%| F|  |TAMS 0x0000000706b00000, 0x0000000706b00000| Untracked 
|  70|0x0000000706c00000, 0x0000000706c00000, 0x0000000706d00000|  0%| F|  |TAMS 0x0000000706c00000, 0x0000000706c00000| Untracked 
|  71|0x0000000706d00000, 0x0000000706d00000, 0x0000000706e00000|  0%| F|  |TAMS 0x0000000706d00000, 0x0000000706d00000| Untracked 
|  72|0x0000000706e00000, 0x0000000706e00000, 0x0000000706f00000|  0%| F|  |TAMS 0x0000000706e00000, 0x0000000706e00000| Untracked 
|  73|0x0000000706f00000, 0x0000000706f00000, 0x0000000707000000|  0%| F|  |TAMS 0x0000000706f00000, 0x0000000706f00000| Untracked 
|  74|0x0000000707000000, 0x0000000707000000, 0x0000000707100000|  0%| F|  |TAMS 0x0000000707000000, 0x0000000707000000| Untracked 
|  75|0x0000000707100000, 0x0000000707100000, 0x0000000707200000|  0%| F|  |TAMS 0x0000000707100000, 0x0000000707100000| Untracked 
|  76|0x0000000707200000, 0x0000000707200000, 0x0000000707300000|  0%| F|  |TAMS 0x0000000707200000, 0x0000000707200000| Untracked 
|  77|0x0000000707300000, 0x0000000707300000, 0x0000000707400000|  0%| F|  |TAMS 0x0000000707300000, 0x0000000707300000| Untracked 
|  78|0x0000000707400000, 0x0000000707400000, 0x0000000707500000|  0%| F|  |TAMS 0x0000000707400000, 0x0000000707400000| Untracked 
|  79|0x0000000707500000, 0x0000000707500000, 0x0000000707600000|  0%| F|  |TAMS 0x0000000707500000, 0x0000000707500000| Untracked 
|  80|0x0000000707600000, 0x0000000707600000, 0x0000000707700000|  0%| F|  |TAMS 0x0000000707600000, 0x0000000707600000| Untracked 
|  81|0x0000000707700000, 0x0000000707700000, 0x0000000707800000|  0%| F|  |TAMS 0x0000000707700000, 0x0000000707700000| Untracked 
|  82|0x0000000707800000, 0x0000000707800000, 0x0000000707900000|  0%| F|  |TAMS 0x0000000707800000, 0x0000000707800000| Untracked 
|  83|0x0000000707900000, 0x0000000707900000, 0x0000000707a00000|  0%| F|  |TAMS 0x0000000707900000, 0x0000000707900000| Untracked 
|  84|0x0000000707a00000, 0x0000000707a00000, 0x0000000707b00000|  0%| F|  |TAMS 0x0000000707a00000, 0x0000000707a00000| Untracked 
|  85|0x0000000707b00000, 0x0000000707b00000, 0x0000000707c00000|  0%| F|  |TAMS 0x0000000707b00000, 0x0000000707b00000| Untracked 
|  86|0x0000000707c00000, 0x0000000707c00000, 0x0000000707d00000|  0%| F|  |TAMS 0x0000000707c00000, 0x0000000707c00000| Untracked 
|  87|0x0000000707d00000, 0x0000000707d00000, 0x0000000707e00000|  0%| F|  |TAMS 0x0000000707d00000, 0x0000000707d00000| Untracked 
|  88|0x0000000707e00000, 0x0000000707e00000, 0x0000000707f00000|  0%| F|  |TAMS 0x0000000707e00000, 0x0000000707e00000| Untracked 
|  89|0x0000000707f00000, 0x0000000707f00000, 0x0000000708000000|  0%| F|  |TAMS 0x0000000707f00000, 0x0000000707f00000| Untracked 
|  90|0x0000000708000000, 0x0000000708000000, 0x0000000708100000|  0%| F|  |TAMS 0x0000000708000000, 0x0000000708000000| Untracked 
|  91|0x0000000708100000, 0x0000000708100000, 0x0000000708200000|  0%| F|  |TAMS 0x0000000708100000, 0x0000000708100000| Untracked 
|  92|0x0000000708200000, 0x0000000708200000, 0x0000000708300000|  0%| F|  |TAMS 0x0000000708200000, 0x0000000708200000| Untracked 
|  93|0x0000000708300000, 0x0000000708300000, 0x0000000708400000|  0%| F|  |TAMS 0x0000000708300000, 0x0000000708300000| Untracked 
|  94|0x0000000708400000, 0x0000000708400000, 0x0000000708500000|  0%| F|  |TAMS 0x0000000708400000, 0x0000000708400000| Untracked 
|  95|0x0000000708500000, 0x0000000708500000, 0x0000000708600000|  0%| F|  |TAMS 0x0000000708500000, 0x0000000708500000| Untracked 
|  96|0x0000000708600000, 0x0000000708600000, 0x0000000708700000|  0%| F|  |TAMS 0x0000000708600000, 0x0000000708600000| Untracked 
|  97|0x0000000708700000, 0x0000000708700000, 0x0000000708800000|  0%| F|  |TAMS 0x0000000708700000, 0x0000000708700000| Untracked 
|  98|0x0000000708800000, 0x0000000708800000, 0x0000000708900000|  0%| F|  |TAMS 0x0000000708800000, 0x0000000708800000| Untracked 
|  99|0x0000000708900000, 0x0000000708900000, 0x0000000708a00000|  0%| F|  |TAMS 0x0000000708900000, 0x0000000708900000| Untracked 
| 100|0x0000000708a00000, 0x0000000708a00000, 0x0000000708b00000|  0%| F|  |TAMS 0x0000000708a00000, 0x0000000708a00000| Untracked 
| 101|0x0000000708b00000, 0x0000000708b00000, 0x0000000708c00000|  0%| F|  |TAMS 0x0000000708b00000, 0x0000000708b00000| Untracked 
| 102|0x0000000708c00000, 0x0000000708c00000, 0x0000000708d00000|  0%| F|  |TAMS 0x0000000708c00000, 0x0000000708c00000| Untracked 
| 103|0x0000000708d00000, 0x0000000708d00000, 0x0000000708e00000|  0%| F|  |TAMS 0x0000000708d00000, 0x0000000708d00000| Untracked 
| 104|0x0000000708e00000, 0x0000000708e00000, 0x0000000708f00000|  0%| F|  |TAMS 0x0000000708e00000, 0x0000000708e00000| Untracked 
| 105|0x0000000708f00000, 0x0000000708f00000, 0x0000000709000000|  0%| F|  |TAMS 0x0000000708f00000, 0x0000000708f00000| Untracked 
| 106|0x0000000709000000, 0x0000000709000000, 0x0000000709100000|  0%| F|  |TAMS 0x0000000709000000, 0x0000000709000000| Untracked 
| 107|0x0000000709100000, 0x0000000709100000, 0x0000000709200000|  0%| F|  |TAMS 0x0000000709100000, 0x0000000709100000| Untracked 
| 108|0x0000000709200000, 0x0000000709200000, 0x0000000709300000|  0%| F|  |TAMS 0x0000000709200000, 0x0000000709200000| Untracked 
| 109|0x0000000709300000, 0x0000000709300000, 0x0000000709400000|  0%| F|  |TAMS 0x0000000709300000, 0x0000000709300000| Untracked 
| 110|0x0000000709400000, 0x0000000709400000, 0x0000000709500000|  0%| F|  |TAMS 0x0000000709400000, 0x0000000709400000| Untracked 
| 111|0x0000000709500000, 0x0000000709500000, 0x0000000709600000|  0%| F|  |TAMS 0x0000000709500000, 0x0000000709500000| Untracked 
| 112|0x0000000709600000, 0x0000000709600000, 0x0000000709700000|  0%| F|  |TAMS 0x0000000709600000, 0x0000000709600000| Untracked 
| 113|0x0000000709700000, 0x0000000709700000, 0x0000000709800000|  0%| F|  |TAMS 0x0000000709700000, 0x0000000709700000| Untracked 
| 114|0x0000000709800000, 0x0000000709800000, 0x0000000709900000|  0%| F|  |TAMS 0x0000000709800000, 0x0000000709800000| Untracked 
| 115|0x0000000709900000, 0x0000000709900000, 0x0000000709a00000|  0%| F|  |TAMS 0x0000000709900000, 0x0000000709900000| Untracked 
| 116|0x0000000709a00000, 0x0000000709a00000, 0x0000000709b00000|  0%| F|  |TAMS 0x0000000709a00000, 0x0000000709a00000| Untracked 
| 117|0x0000000709b00000, 0x0000000709b00000, 0x0000000709c00000|  0%| F|  |TAMS 0x0000000709b00000, 0x0000000709b00000| Untracked 
| 118|0x0000000709c00000, 0x0000000709c00000, 0x0000000709d00000|  0%| F|  |TAMS 0x0000000709c00000, 0x0000000709c00000| Untracked 
| 119|0x0000000709d00000, 0x0000000709d00000, 0x0000000709e00000|  0%| F|  |TAMS 0x0000000709d00000, 0x0000000709d00000| Untracked 
| 120|0x0000000709e00000, 0x0000000709e00000, 0x0000000709f00000|  0%| F|  |TAMS 0x0000000709e00000, 0x0000000709e00000| Untracked 
| 121|0x0000000709f00000, 0x0000000709f00000, 0x000000070a000000|  0%| F|  |TAMS 0x0000000709f00000, 0x0000000709f00000| Untracked 
| 122|0x000000070a000000, 0x000000070a000000, 0x000000070a100000|  0%| F|  |TAMS 0x000000070a000000, 0x000000070a000000| Untracked 
| 123|0x000000070a100000, 0x000000070a100000, 0x000000070a200000|  0%| F|  |TAMS 0x000000070a100000, 0x000000070a100000| Untracked 
| 124|0x000000070a200000, 0x000000070a200000, 0x000000070a300000|  0%| F|  |TAMS 0x000000070a200000, 0x000000070a200000| Untracked 
| 125|0x000000070a300000, 0x000000070a300000, 0x000000070a400000|  0%| F|  |TAMS 0x000000070a300000, 0x000000070a300000| Untracked 
| 126|0x000000070a400000, 0x000000070a400000, 0x000000070a500000|  0%| F|  |TAMS 0x000000070a400000, 0x000000070a400000| Untracked 
| 127|0x000000070a500000, 0x000000070a500000, 0x000000070a600000|  0%| F|  |TAMS 0x000000070a500000, 0x000000070a500000| Untracked 
| 128|0x000000070a600000, 0x000000070a600000, 0x000000070a700000|  0%| F|  |TAMS 0x000000070a600000, 0x000000070a600000| Untracked 
| 129|0x000000070a700000, 0x000000070a700000, 0x000000070a800000|  0%| F|  |TAMS 0x000000070a700000, 0x000000070a700000| Untracked 
| 130|0x000000070a800000, 0x000000070a800000, 0x000000070a900000|  0%| F|  |TAMS 0x000000070a800000, 0x000000070a800000| Untracked 
| 131|0x000000070a900000, 0x000000070a900000, 0x000000070aa00000|  0%| F|  |TAMS 0x000000070a900000, 0x000000070a900000| Untracked 
| 132|0x000000070aa00000, 0x000000070aa00000, 0x000000070ab00000|  0%| F|  |TAMS 0x000000070aa00000, 0x000000070aa00000| Untracked 
| 133|0x000000070ab00000, 0x000000070ab00000, 0x000000070ac00000|  0%| F|  |TAMS 0x000000070ab00000, 0x000000070ab00000| Untracked 
| 134|0x000000070ac00000, 0x000000070ac00000, 0x000000070ad00000|  0%| F|  |TAMS 0x000000070ac00000, 0x000000070ac00000| Untracked 
| 135|0x000000070ad00000, 0x000000070ad00000, 0x000000070ae00000|  0%| F|  |TAMS 0x000000070ad00000, 0x000000070ad00000| Untracked 
| 136|0x000000070ae00000, 0x000000070ae00000, 0x000000070af00000|  0%| F|  |TAMS 0x000000070ae00000, 0x000000070ae00000| Untracked 
| 137|0x000000070af00000, 0x000000070af00000, 0x000000070b000000|  0%| F|  |TAMS 0x000000070af00000, 0x000000070af00000| Untracked 
| 138|0x000000070b000000, 0x000000070b000000, 0x000000070b100000|  0%| F|  |TAMS 0x000000070b000000, 0x000000070b000000| Untracked 
| 139|0x000000070b100000, 0x000000070b100000, 0x000000070b200000|  0%| F|  |TAMS 0x000000070b100000, 0x000000070b100000| Untracked 
| 140|0x000000070b200000, 0x000000070b200000, 0x000000070b300000|  0%| F|  |TAMS 0x000000070b200000, 0x000000070b200000| Untracked 
| 141|0x000000070b300000, 0x000000070b300000, 0x000000070b400000|  0%| F|  |TAMS 0x000000070b300000, 0x000000070b300000| Untracked 
| 142|0x000000070b400000, 0x000000070b400000, 0x000000070b500000|  0%| F|  |TAMS 0x000000070b400000, 0x000000070b400000| Untracked 
| 143|0x000000070b500000, 0x000000070b500000, 0x000000070b600000|  0%| F|  |TAMS 0x000000070b500000, 0x000000070b500000| Untracked 
| 144|0x000000070b600000, 0x000000070b600000, 0x000000070b700000|  0%| F|  |TAMS 0x000000070b600000, 0x000000070b600000| Untracked 
| 145|0x000000070b700000, 0x000000070b700000, 0x000000070b800000|  0%| F|  |TAMS 0x000000070b700000, 0x000000070b700000| Untracked 
| 146|0x000000070b800000, 0x000000070b800000, 0x000000070b900000|  0%| F|  |TAMS 0x000000070b800000, 0x000000070b800000| Untracked 
| 147|0x000000070b900000, 0x000000070b900000, 0x000000070ba00000|  0%| F|  |TAMS 0x000000070b900000, 0x000000070b900000| Untracked 
| 148|0x000000070ba00000, 0x000000070ba00000, 0x000000070bb00000|  0%| F|  |TAMS 0x000000070ba00000, 0x000000070ba00000| Untracked 
| 149|0x000000070bb00000, 0x000000070bb00000, 0x000000070bc00000|  0%| F|  |TAMS 0x000000070bb00000, 0x000000070bb00000| Untracked 
| 150|0x000000070bc00000, 0x000000070bc00000, 0x000000070bd00000|  0%| F|  |TAMS 0x000000070bc00000, 0x000000070bc00000| Untracked 
| 151|0x000000070bd00000, 0x000000070bd00000, 0x000000070be00000|  0%| F|  |TAMS 0x000000070bd00000, 0x000000070bd00000| Untracked 
| 152|0x000000070be00000, 0x000000070be00000, 0x000000070bf00000|  0%| F|  |TAMS 0x000000070be00000, 0x000000070be00000| Untracked 
| 153|0x000000070bf00000, 0x000000070bf00000, 0x000000070c000000|  0%| F|  |TAMS 0x000000070bf00000, 0x000000070bf00000| Untracked 
| 154|0x000000070c000000, 0x000000070c000000, 0x000000070c100000|  0%| F|  |TAMS 0x000000070c000000, 0x000000070c000000| Untracked 
| 155|0x000000070c100000, 0x000000070c100000, 0x000000070c200000|  0%| F|  |TAMS 0x000000070c100000, 0x000000070c100000| Untracked 
| 156|0x000000070c200000, 0x000000070c200000, 0x000000070c300000|  0%| F|  |TAMS 0x000000070c200000, 0x000000070c200000| Untracked 
| 157|0x000000070c300000, 0x000000070c300000, 0x000000070c400000|  0%| F|  |TAMS 0x000000070c300000, 0x000000070c300000| Untracked 
| 158|0x000000070c400000, 0x000000070c400000, 0x000000070c500000|  0%| F|  |TAMS 0x000000070c400000, 0x000000070c400000| Untracked 
| 159|0x000000070c500000, 0x000000070c500000, 0x000000070c600000|  0%| F|  |TAMS 0x000000070c500000, 0x000000070c500000| Untracked 
| 160|0x000000070c600000, 0x000000070c600000, 0x000000070c700000|  0%| F|  |TAMS 0x000000070c600000, 0x000000070c600000| Untracked 
| 161|0x000000070c700000, 0x000000070c700000, 0x000000070c800000|  0%| F|  |TAMS 0x000000070c700000, 0x000000070c700000| Untracked 
| 162|0x000000070c800000, 0x000000070c800000, 0x000000070c900000|  0%| F|  |TAMS 0x000000070c800000, 0x000000070c800000| Untracked 
| 163|0x000000070c900000, 0x000000070c900000, 0x000000070ca00000|  0%| F|  |TAMS 0x000000070c900000, 0x000000070c900000| Untracked 
| 164|0x000000070ca00000, 0x000000070ca00000, 0x000000070cb00000|  0%| F|  |TAMS 0x000000070ca00000, 0x000000070ca00000| Untracked 
| 165|0x000000070cb00000, 0x000000070cb00000, 0x000000070cc00000|  0%| F|  |TAMS 0x000000070cb00000, 0x000000070cb00000| Untracked 
| 166|0x000000070cc00000, 0x000000070cc00000, 0x000000070cd00000|  0%| F|  |TAMS 0x000000070cc00000, 0x000000070cc00000| Untracked 
| 167|0x000000070cd00000, 0x000000070cd00000, 0x000000070ce00000|  0%| F|  |TAMS 0x000000070cd00000, 0x000000070cd00000| Untracked 
| 168|0x000000070ce00000, 0x000000070ce00000, 0x000000070cf00000|  0%| F|  |TAMS 0x000000070ce00000, 0x000000070ce00000| Untracked 
| 169|0x000000070cf00000, 0x000000070cf00000, 0x000000070d000000|  0%| F|  |TAMS 0x000000070cf00000, 0x000000070cf00000| Untracked 
| 170|0x000000070d000000, 0x000000070d000000, 0x000000070d100000|  0%| F|  |TAMS 0x000000070d000000, 0x000000070d000000| Untracked 
| 171|0x000000070d100000, 0x000000070d100000, 0x000000070d200000|  0%| F|  |TAMS 0x000000070d100000, 0x000000070d100000| Untracked 
| 172|0x000000070d200000, 0x000000070d200000, 0x000000070d300000|  0%| F|  |TAMS 0x000000070d200000, 0x000000070d200000| Untracked 
| 173|0x000000070d300000, 0x000000070d300000, 0x000000070d400000|  0%| F|  |TAMS 0x000000070d300000, 0x000000070d300000| Untracked 
| 174|0x000000070d400000, 0x000000070d400000, 0x000000070d500000|  0%| F|  |TAMS 0x000000070d400000, 0x000000070d400000| Untracked 
| 175|0x000000070d500000, 0x000000070d500000, 0x000000070d600000|  0%| F|  |TAMS 0x000000070d500000, 0x000000070d500000| Untracked 
| 176|0x000000070d600000, 0x000000070d600000, 0x000000070d700000|  0%| F|  |TAMS 0x000000070d600000, 0x000000070d600000| Untracked 
| 177|0x000000070d700000, 0x000000070d700000, 0x000000070d800000|  0%| F|  |TAMS 0x000000070d700000, 0x000000070d700000| Untracked 
| 178|0x000000070d800000, 0x000000070d800000, 0x000000070d900000|  0%| F|  |TAMS 0x000000070d800000, 0x000000070d800000| Untracked 
| 179|0x000000070d900000, 0x000000070d900000, 0x000000070da00000|  0%| F|  |TAMS 0x000000070d900000, 0x000000070d900000| Untracked 
| 180|0x000000070da00000, 0x000000070da00000, 0x000000070db00000|  0%| F|  |TAMS 0x000000070da00000, 0x000000070da00000| Untracked 
| 181|0x000000070db00000, 0x000000070db00000, 0x000000070dc00000|  0%| F|  |TAMS 0x000000070db00000, 0x000000070db00000| Untracked 
| 182|0x000000070dc00000, 0x000000070dc00000, 0x000000070dd00000|  0%| F|  |TAMS 0x000000070dc00000, 0x000000070dc00000| Untracked 
| 183|0x000000070dd00000, 0x000000070dd00000, 0x000000070de00000|  0%| F|  |TAMS 0x000000070dd00000, 0x000000070dd00000| Untracked 
| 184|0x000000070de00000, 0x000000070de00000, 0x000000070df00000|  0%| F|  |TAMS 0x000000070de00000, 0x000000070de00000| Untracked 
| 185|0x000000070df00000, 0x000000070df00000, 0x000000070e000000|  0%| F|  |TAMS 0x000000070df00000, 0x000000070df00000| Untracked 
| 186|0x000000070e000000, 0x000000070e000000, 0x000000070e100000|  0%| F|  |TAMS 0x000000070e000000, 0x000000070e000000| Untracked 
| 187|0x000000070e100000, 0x000000070e100000, 0x000000070e200000|  0%| F|  |TAMS 0x000000070e100000, 0x000000070e100000| Untracked 
| 188|0x000000070e200000, 0x000000070e200000, 0x000000070e300000|  0%| F|  |TAMS 0x000000070e200000, 0x000000070e200000| Untracked 
| 189|0x000000070e300000, 0x000000070e300000, 0x000000070e400000|  0%| F|  |TAMS 0x000000070e300000, 0x000000070e300000| Untracked 
| 190|0x000000070e400000, 0x000000070e400000, 0x000000070e500000|  0%| F|  |TAMS 0x000000070e400000, 0x000000070e400000| Untracked 
| 191|0x000000070e500000, 0x000000070e500000, 0x000000070e600000|  0%| F|  |TAMS 0x000000070e500000, 0x000000070e500000| Untracked 
| 192|0x000000070e600000, 0x000000070e600000, 0x000000070e700000|  0%| F|  |TAMS 0x000000070e600000, 0x000000070e600000| Untracked 
| 193|0x000000070e700000, 0x000000070e700000, 0x000000070e800000|  0%| F|  |TAMS 0x000000070e700000, 0x000000070e700000| Untracked 
| 194|0x000000070e800000, 0x000000070e800000, 0x000000070e900000|  0%| F|  |TAMS 0x000000070e800000, 0x000000070e800000| Untracked 
| 195|0x000000070e900000, 0x000000070e900000, 0x000000070ea00000|  0%| F|  |TAMS 0x000000070e900000, 0x000000070e900000| Untracked 
| 196|0x000000070ea00000, 0x000000070ea00000, 0x000000070eb00000|  0%| F|  |TAMS 0x000000070ea00000, 0x000000070ea00000| Untracked 
| 197|0x000000070eb00000, 0x000000070eb00000, 0x000000070ec00000|  0%| F|  |TAMS 0x000000070eb00000, 0x000000070eb00000| Untracked 
| 198|0x000000070ec00000, 0x000000070ec00000, 0x000000070ed00000|  0%| F|  |TAMS 0x000000070ec00000, 0x000000070ec00000| Untracked 
| 199|0x000000070ed00000, 0x000000070ed00000, 0x000000070ee00000|  0%| F|  |TAMS 0x000000070ed00000, 0x000000070ed00000| Untracked 
| 200|0x000000070ee00000, 0x000000070ee00000, 0x000000070ef00000|  0%| F|  |TAMS 0x000000070ee00000, 0x000000070ee00000| Untracked 
| 201|0x000000070ef00000, 0x000000070ef00000, 0x000000070f000000|  0%| F|  |TAMS 0x000000070ef00000, 0x000000070ef00000| Untracked 
| 202|0x000000070f000000, 0x000000070f000000, 0x000000070f100000|  0%| F|  |TAMS 0x000000070f000000, 0x000000070f000000| Untracked 
| 203|0x000000070f100000, 0x000000070f100000, 0x000000070f200000|  0%| F|  |TAMS 0x000000070f100000, 0x000000070f100000| Untracked 
| 204|0x000000070f200000, 0x000000070f200000, 0x000000070f300000|  0%| F|  |TAMS 0x000000070f200000, 0x000000070f200000| Untracked 
| 205|0x000000070f300000, 0x000000070f300000, 0x000000070f400000|  0%| F|  |TAMS 0x000000070f300000, 0x000000070f300000| Untracked 
| 206|0x000000070f400000, 0x000000070f400000, 0x000000070f500000|  0%| F|  |TAMS 0x000000070f400000, 0x000000070f400000| Untracked 
| 207|0x000000070f500000, 0x000000070f500000, 0x000000070f600000|  0%| F|  |TAMS 0x000000070f500000, 0x000000070f500000| Untracked 
| 208|0x000000070f600000, 0x000000070f600000, 0x000000070f700000|  0%| F|  |TAMS 0x000000070f600000, 0x000000070f600000| Untracked 
| 209|0x000000070f700000, 0x000000070f700000, 0x000000070f800000|  0%| F|  |TAMS 0x000000070f700000, 0x000000070f700000| Untracked 
| 210|0x000000070f800000, 0x000000070f800000, 0x000000070f900000|  0%| F|  |TAMS 0x000000070f800000, 0x000000070f800000| Untracked 
| 211|0x000000070f900000, 0x000000070f900000, 0x000000070fa00000|  0%| F|  |TAMS 0x000000070f900000, 0x000000070f900000| Untracked 
| 212|0x000000070fa00000, 0x000000070fa00000, 0x000000070fb00000|  0%| F|  |TAMS 0x000000070fa00000, 0x000000070fa00000| Untracked 
| 213|0x000000070fb00000, 0x000000070fb00000, 0x000000070fc00000|  0%| F|  |TAMS 0x000000070fb00000, 0x000000070fb00000| Untracked 
| 214|0x000000070fc00000, 0x000000070fc00000, 0x000000070fd00000|  0%| F|  |TAMS 0x000000070fc00000, 0x000000070fc00000| Untracked 
| 215|0x000000070fd00000, 0x000000070fd00000, 0x000000070fe00000|  0%| F|  |TAMS 0x000000070fd00000, 0x000000070fd00000| Untracked 
| 216|0x000000070fe00000, 0x000000070fe00000, 0x000000070ff00000|  0%| F|  |TAMS 0x000000070fe00000, 0x000000070fe00000| Untracked 
| 217|0x000000070ff00000, 0x000000070ff00000, 0x0000000710000000|  0%| F|  |TAMS 0x000000070ff00000, 0x000000070ff00000| Untracked 
| 218|0x0000000710000000, 0x0000000710000000, 0x0000000710100000|  0%| F|  |TAMS 0x0000000710000000, 0x0000000710000000| Untracked 
| 219|0x0000000710100000, 0x0000000710100000, 0x0000000710200000|  0%| F|  |TAMS 0x0000000710100000, 0x0000000710100000| Untracked 
| 220|0x0000000710200000, 0x0000000710200000, 0x0000000710300000|  0%| F|  |TAMS 0x0000000710200000, 0x0000000710200000| Untracked 
| 221|0x0000000710300000, 0x0000000710300000, 0x0000000710400000|  0%| F|  |TAMS 0x0000000710300000, 0x0000000710300000| Untracked 
| 222|0x0000000710400000, 0x0000000710400000, 0x0000000710500000|  0%| F|  |TAMS 0x0000000710400000, 0x0000000710400000| Untracked 
| 223|0x0000000710500000, 0x0000000710500000, 0x0000000710600000|  0%| F|  |TAMS 0x0000000710500000, 0x0000000710500000| Untracked 
| 224|0x0000000710600000, 0x0000000710600000, 0x0000000710700000|  0%| F|  |TAMS 0x0000000710600000, 0x0000000710600000| Untracked 
| 225|0x0000000710700000, 0x0000000710700000, 0x0000000710800000|  0%| F|  |TAMS 0x0000000710700000, 0x0000000710700000| Untracked 
| 226|0x0000000710800000, 0x0000000710800000, 0x0000000710900000|  0%| F|  |TAMS 0x0000000710800000, 0x0000000710800000| Untracked 
| 227|0x0000000710900000, 0x0000000710900000, 0x0000000710a00000|  0%| F|  |TAMS 0x0000000710900000, 0x0000000710900000| Untracked 
| 228|0x0000000710a00000, 0x0000000710a00000, 0x0000000710b00000|  0%| F|  |TAMS 0x0000000710a00000, 0x0000000710a00000| Untracked 
| 229|0x0000000710b00000, 0x0000000710b00000, 0x0000000710c00000|  0%| F|  |TAMS 0x0000000710b00000, 0x0000000710b00000| Untracked 
| 230|0x0000000710c00000, 0x0000000710c00000, 0x0000000710d00000|  0%| F|  |TAMS 0x0000000710c00000, 0x0000000710c00000| Untracked 
| 231|0x0000000710d00000, 0x0000000710d00000, 0x0000000710e00000|  0%| F|  |TAMS 0x0000000710d00000, 0x0000000710d00000| Untracked 
| 232|0x0000000710e00000, 0x0000000710e00000, 0x0000000710f00000|  0%| F|  |TAMS 0x0000000710e00000, 0x0000000710e00000| Untracked 
| 233|0x0000000710f00000, 0x0000000710f00000, 0x0000000711000000|  0%| F|  |TAMS 0x0000000710f00000, 0x0000000710f00000| Untracked 
| 234|0x0000000711000000, 0x0000000711000000, 0x0000000711100000|  0%| F|  |TAMS 0x0000000711000000, 0x0000000711000000| Untracked 
| 235|0x0000000711100000, 0x0000000711100000, 0x0000000711200000|  0%| F|  |TAMS 0x0000000711100000, 0x0000000711100000| Untracked 
| 236|0x0000000711200000, 0x0000000711200000, 0x0000000711300000|  0%| F|  |TAMS 0x0000000711200000, 0x0000000711200000| Untracked 
| 237|0x0000000711300000, 0x0000000711300000, 0x0000000711400000|  0%| F|  |TAMS 0x0000000711300000, 0x0000000711300000| Untracked 
| 238|0x0000000711400000, 0x0000000711400000, 0x0000000711500000|  0%| F|  |TAMS 0x0000000711400000, 0x0000000711400000| Untracked 
| 239|0x0000000711500000, 0x0000000711500000, 0x0000000711600000|  0%| F|  |TAMS 0x0000000711500000, 0x0000000711500000| Untracked 
| 240|0x0000000711600000, 0x0000000711600000, 0x0000000711700000|  0%| F|  |TAMS 0x0000000711600000, 0x0000000711600000| Untracked 
| 241|0x0000000711700000, 0x0000000711700000, 0x0000000711800000|  0%| F|  |TAMS 0x0000000711700000, 0x0000000711700000| Untracked 
| 242|0x0000000711800000, 0x0000000711900000, 0x0000000711900000|100%| S|CS|TAMS 0x0000000711800000, 0x0000000711800000| Complete 
| 243|0x0000000711900000, 0x0000000711a00000, 0x0000000711a00000|100%| S|CS|TAMS 0x0000000711900000, 0x0000000711900000| Complete 
| 244|0x0000000711a00000, 0x0000000711b00000, 0x0000000711b00000|100%| S|CS|TAMS 0x0000000711a00000, 0x0000000711a00000| Complete 
| 245|0x0000000711b00000, 0x0000000711c00000, 0x0000000711c00000|100%| S|CS|TAMS 0x0000000711b00000, 0x0000000711b00000| Complete 
| 246|0x0000000711c00000, 0x0000000711d00000, 0x0000000711d00000|100%| S|CS|TAMS 0x0000000711c00000, 0x0000000711c00000| Complete 
| 247|0x0000000711d00000, 0x0000000711e00000, 0x0000000711e00000|100%| S|CS|TAMS 0x0000000711d00000, 0x0000000711d00000| Complete 
| 248|0x0000000711e00000, 0x0000000711f00000, 0x0000000711f00000|100%| S|CS|TAMS 0x0000000711e00000, 0x0000000711e00000| Complete 
| 249|0x0000000711f00000, 0x0000000712000000, 0x0000000712000000|100%| S|CS|TAMS 0x0000000711f00000, 0x0000000711f00000| Complete 
| 250|0x0000000712000000, 0x0000000712100000, 0x0000000712100000|100%| S|CS|TAMS 0x0000000712000000, 0x0000000712000000| Complete 
| 251|0x0000000712100000, 0x0000000712100000, 0x0000000712200000|  0%| F|  |TAMS 0x0000000712100000, 0x0000000712100000| Untracked 
| 252|0x0000000712200000, 0x0000000712200000, 0x0000000712300000|  0%| F|  |TAMS 0x0000000712200000, 0x0000000712200000| Untracked 
| 253|0x0000000712300000, 0x0000000712300000, 0x0000000712400000|  0%| F|  |TAMS 0x0000000712300000, 0x0000000712300000| Untracked 

Card table byte_map: [0x0000018c22560000,0x0000018c22d50000] _byte_map_base: 0x0000018c1ed4d000

Marking Bits (Prev, Next): (CMBitMap*) 0x0000018c0b42b9f0, (CMBitMap*) 0x0000018c0b42b9b8
 Prev Bits: [0x0000018c274b0000, 0x0000018c2b418000)
 Next Bits: [0x0000018c23540000, 0x0000018c274a8000)

Polling page: 0x0000018c09310000

Metaspace:

Usage:
  Non-class:     37.47 MB capacity,    36.67 MB ( 98%) used,   661.82 KB (  2%) free+waste,   164.50 KB ( <1%) overhead. 
      Class:      6.04 MB capacity,     5.41 MB ( 90%) used,   550.34 KB (  9%) free+waste,    86.38 KB (  1%) overhead. 
       Both:     43.51 MB capacity,    42.08 MB ( 97%) used,     1.18 MB (  3%) free+waste,   250.88 KB ( <1%) overhead. 

Virtual space:
  Non-class space:       62.00 MB reserved,      37.50 MB ( 60%) committed 
      Class space:        1.00 GB reserved,       6.13 MB ( <1%) committed 
             Both:        1.06 GB reserved,      43.63 MB (  4%) committed 

Chunk freelists:
   Non-Class:  3.25 KB
       Class:  0 bytes
        Both:  3.25 KB

CodeHeap 'non-profiled nmethods': size=238336Kb used=6163Kb max_used=6163Kb free=232172Kb
 bounds [0x0000018c13180000, 0x0000018c13790000, 0x0000018c21a40000]
CodeHeap 'non-nmethods': size=7424Kb used=1196Kb max_used=1196Kb free=6227Kb
 bounds [0x0000018c12a40000, 0x0000018c12cb0000, 0x0000018c13180000]
 total_blobs=4457 nmethods=3918 adapters=463
 compilation: enabled
              stopped_count=0, restarted_count=0
 full_count=0

Compilation events (10 events):
Event: 4.937 Thread 0x0000018c2e8ed000 nmethod 3909 0x0000018c13782a10 code [0x0000018c13782be0, 0x0000018c13782d78]
Event: 4.937 Thread 0x0000018c2e8ed000 3910       1       java.lang.invoke.ClassSpecializer::topClass (5 bytes)
Event: 4.937 Thread 0x0000018c2e8ed000 nmethod 3910 0x0000018c13782e90 code [0x0000018c13783020, 0x0000018c137830d8]
Event: 4.937 Thread 0x0000018c2e8ed000 3912       1       java.lang.reflect.Modifier::isVolatile (13 bytes)
Event: 4.937 Thread 0x0000018c2e8ed000 nmethod 3912 0x0000018c13783390 code [0x0000018c13783520, 0x0000018c137835d8]
Event: 4.944 Thread 0x0000018c2e8ed000 3917       1       javax.management.openmbean.CompositeType::getType (18 bytes)
Event: 4.944 Thread 0x0000018c2e8ed000 nmethod 3917 0x0000018c13784090 code [0x0000018c13784240, 0x0000018c137843a8]
Event: 4.944 Thread 0x0000018c2e8ed000 3922       1       java.lang.invoke.LambdaFormEditor$Transform::ofBothArrays (139 bytes)
Event: 4.945 Thread 0x0000018c2e8ed000 nmethod 3922 0x0000018c13784490 code [0x0000018c13784660, 0x0000018c13784b28]
Event: 4.945 Thread 0x0000018c2e8ed000 3919       1       java.lang.invoke.MethodHandles::foldArgumentChecks (217 bytes)

GC Heap History (10 events):
Event: 2.704 GC heap before
{Heap before GC invocations=4 (full 0):
 garbage-first heap   total 260096K, used 63753K [0x0000000702600000, 0x0000000800000000)
  region size 1024K, 55 young (56320K), 2 survivors (2048K)
 Metaspace       used 25558K, capacity 26497K, committed 26752K, reserved 1073152K
  class space    used 3049K, capacity 3418K, committed 3456K, reserved 1048576K
}
Event: 2.708 GC heap after
{Heap after GC invocations=5 (full 0):
 garbage-first heap   total 260096K, used 13217K [0x0000000702600000, 0x0000000800000000)
  region size 1024K, 5 young (5120K), 5 survivors (5120K)
 Metaspace       used 25558K, capacity 26497K, committed 26752K, reserved 1073152K
  class space    used 3049K, capacity 3418K, committed 3456K, reserved 1048576K
}
Event: 3.816 GC heap before
{Heap before GC invocations=5 (full 0):
 garbage-first heap   total 260096K, used 100257K [0x0000000702600000, 0x0000000800000000)
  region size 1024K, 90 young (92160K), 5 survivors (5120K)
 Metaspace       used 32513K, capacity 33747K, committed 33920K, reserved 1079296K
  class space    used 4114K, capacity 4615K, committed 4736K, reserved 1048576K
}
Event: 3.824 GC heap after
{Heap after GC invocations=6 (full 0):
 garbage-first heap   total 260096K, used 17328K [0x0000000702600000, 0x0000000800000000)
  region size 1024K, 9 young (9216K), 9 survivors (9216K)
 Metaspace       used 32513K, capacity 33747K, committed 33920K, reserved 1079296K
  class space    used 4114K, capacity 4615K, committed 4736K, reserved 1048576K
}
Event: 4.114 GC heap before
{Heap before GC invocations=6 (full 0):
 garbage-first heap   total 260096K, used 35760K [0x0000000702600000, 0x0000000800000000)
  region size 1024K, 28 young (28672K), 9 survivors (9216K)
 Metaspace       used 34442K, capacity 35708K, committed 35840K, reserved 1081344K
  class space    used 4345K, capacity 4889K, committed 4992K, reserved 1048576K
}
Event: 4.123 GC heap after
{Heap after GC invocations=7 (full 0):
 garbage-first heap   total 260096K, used 18726K [0x0000000702600000, 0x0000000800000000)
  region size 1024K, 10 young (10240K), 10 survivors (10240K)
 Metaspace       used 34442K, capacity 35708K, committed 35840K, reserved 1081344K
  class space    used 4345K, capacity 4889K, committed 4992K, reserved 1048576K
}
Event: 4.920 GC heap before
{Heap before GC invocations=8 (full 0):
 garbage-first heap   total 260096K, used 83238K [0x0000000702600000, 0x0000000800000000)
  region size 1024K, 74 young (75776K), 10 survivors (10240K)
 Metaspace       used 42825K, capacity 44233K, committed 44288K, reserved 1101824K
  class space    used 5491K, capacity 6094K, committed 6144K, reserved 1048576K
}
Event: 4.930 GC heap after
{Heap after GC invocations=9 (full 0):
 garbage-first heap   total 260096K, used 21682K [0x0000000702600000, 0x0000000800000000)
  region size 1024K, 13 young (13312K), 13 survivors (13312K)
 Metaspace       used 42825K, capacity 44233K, committed 44288K, reserved 1101824K
  class space    used 5491K, capacity 6094K, committed 6144K, reserved 1048576K
}
Event: 4.946 GC heap before
{Heap before GC invocations=10 (full 0):
 garbage-first heap   total 260096K, used 23730K [0x0000000702600000, 0x0000000800000000)
  region size 1024K, 16 young (16384K), 13 survivors (13312K)
 Metaspace       used 43090K, capacity 44554K, committed 44672K, reserved 1110016K
  class space    used 5543K, capacity 6180K, committed 6272K, reserved 1048576K
}
Event: 4.957 GC heap after
{Heap after GC invocations=11 (full 0):
 garbage-first heap   total 260096K, used 21337K [0x0000000702600000, 0x0000000800000000)
  region size 1024K, 9 young (9216K), 9 survivors (9216K)
 Metaspace       used 43090K, capacity 44554K, committed 44672K, reserved 1110016K
  class space    used 5543K, capacity 6180K, committed 6272K, reserved 1048576K
}

Deoptimization events (0 events):
No events

Classes redefined (0 events):
No events

Internal exceptions (10 events):
Event: 4.107 Thread 0x0000018c0b3cc800 Exception <a 'java/lang/IncompatibleClassChangeError'{0x0000000711292368}: Found class java.lang.Object, but interface was expected> (0x0000000711292368) thrown at [./open/src/hotspot/share/interpreter/linkResolver.cpp, line 838]
Event: 4.108 Thread 0x0000018c0b3cc800 Exception <a 'java/lang/IncompatibleClassChangeError'{0x00000007112a1600}: Found class java.lang.Object, but interface was expected> (0x00000007112a1600) thrown at [./open/src/hotspot/share/interpreter/linkResolver.cpp, line 838]
Event: 4.111 Thread 0x0000018c0b3cc800 Exception <a 'java/lang/IncompatibleClassChangeError'{0x00000007112d5648}: Found class java.lang.Object, but interface was expected> (0x00000007112d5648) thrown at [./open/src/hotspot/share/interpreter/linkResolver.cpp, line 838]
Event: 4.154 Thread 0x0000018c0b3cc800 Exception <a 'java/lang/NoSuchMethodError'{0x00000007122db0f8}: java.lang.invoke.DirectMethodHandle$Holder.invokeStatic(Ljava/lang/Object;Ljava/lang/Object;)D> (0x00000007122db0f8) thrown at [./open/src/hotspot/share/interpreter/linkResolver.cpp, line 772
Event: 4.155 Thread 0x0000018c0b3cc800 Exception <a 'java/lang/NoSuchMethodError'{0x00000007122e3bb0}: java.lang.invoke.DirectMethodHandle$Holder.invokeStatic(Ljava/lang/Object;Ljava/lang/Object;D)V> (0x00000007122e3bb0) thrown at [./open/src/hotspot/share/interpreter/linkResolver.cpp, line 77
Event: 4.156 Thread 0x0000018c0b3cc800 Exception <a 'java/lang/NoSuchMethodError'{0x00000007122eeab0}: java.lang.invoke.DirectMethodHandle$Holder.invokeVirtual(Ljava/lang/Object;Ljava/lang/Object;)J> (0x00000007122eeab0) thrown at [./open/src/hotspot/share/interpreter/linkResolver.cpp, line 77
Event: 4.163 Thread 0x0000018c0b3cc800 Exception <a 'java/lang/NoSuchMethodError'{0x0000000712172530}: java.lang.invoke.DirectMethodHandle$Holder.invokeStatic(Ljava/lang/Object;Ljava/lang/Object;Ljava/lang/Object;)D> (0x0000000712172530) thrown at [./open/src/hotspot/share/interpreter/linkReso
Event: 4.217 Thread 0x0000018c30763000 Exception <a 'java/lang/reflect/InvocationTargetException'{0x0000000711c096d0}> (0x0000000711c096d0) thrown at [./open/src/hotspot/share/runtime/reflection.cpp, line 1242]
Event: 4.223 Thread 0x0000018c0b3cc800 Exception <a 'java/io/FileNotFoundException'{0x0000000711b3a3a8}> (0x0000000711b3a3a8) thrown at [./open/src/hotspot/share/prims/jni.cpp, line 611]
Event: 4.733 Thread 0x0000018c30763000 Exception <a 'java/lang/reflect/InvocationTargetException'{0x0000000711c164f0}> (0x0000000711c164f0) thrown at [./open/src/hotspot/share/runtime/reflection.cpp, line 1242]

Events (10 events):
Event: 4.945 Executing VM operation: CGC_Operation done
Event: 4.945 loading class org/hibernate/type/AssociationType
Event: 4.945 loading class org/hibernate/type/AssociationType done
Event: 4.945 loading class com/sun/management/internal/GarbageCollectionNotifInfoCompositeData$1
Event: 4.945 loading class com/sun/management/internal/GarbageCollectionNotifInfoCompositeData$1 done
Event: 4.945 loading class java/util/TreeMap$KeySpliterator
Event: 4.946 loading class java/util/TreeMap$TreeMapSpliterator
Event: 4.946 loading class java/util/TreeMap$TreeMapSpliterator done
Event: 4.946 loading class java/util/TreeMap$KeySpliterator done
Event: 4.946 Executing VM operation: CollectForMetadataAllocation


Dynamic libraries:
0x00007ff7c4b20000 - 0x00007ff7c4b2f000 	C:\Program Files\Java\jdk-11.0.14\bin\java.exe
0x00007ffffc130000 - 0x00007ffffc325000 	C:\WINDOWS\SYSTEM32\ntdll.dll
0x00007ffffb5e0000 - 0x00007ffffb69e000 	C:\WINDOWS\System32\KERNEL32.DLL
0x00007ffff9d80000 - 0x00007ffffa048000 	C:\WINDOWS\System32\KERNELBASE.dll
0x00007ffff9ac0000 - 0x00007ffff9bc0000 	C:\WINDOWS\System32\ucrtbase.dll
0x00007ffff0b40000 - 0x00007ffff0b58000 	C:\Program Files\Java\jdk-11.0.14\bin\jli.dll
0x00007ffff0b20000 - 0x00007ffff0b35000 	C:\Program Files\Java\jdk-11.0.14\bin\VCRUNTIME140.dll
0x00007ffffa2a0000 - 0x00007ffffa34e000 	C:\WINDOWS\System32\ADVAPI32.dll
0x00007ffffbff0000 - 0x00007ffffc08e000 	C:\WINDOWS\System32\msvcrt.dll
0x00007ffffa630000 - 0x00007ffffa6cc000 	C:\WINDOWS\System32\sechost.dll
0x00007ffffa760000 - 0x00007ffffa885000 	C:\WINDOWS\System32\RPCRT4.dll
0x00007ffffb6a0000 - 0x00007ffffb840000 	C:\WINDOWS\System32\USER32.dll
0x00007ffffa160000 - 0x00007ffffa182000 	C:\WINDOWS\System32\win32u.dll
0x00007ffffa190000 - 0x00007ffffa1bb000 	C:\WINDOWS\System32\GDI32.dll
0x00007fffdb1a0000 - 0x00007fffdb43a000 	C:\WINDOWS\WinSxS\amd64_microsoft.windows.common-controls_6595b64144ccf1df_6.0.19041.1110_none_60b5254171f9507e\COMCTL32.dll
0x00007ffff9c70000 - 0x00007ffff9d7b000 	C:\WINDOWS\System32\gdi32full.dll
0x00007ffffa0c0000 - 0x00007ffffa15d000 	C:\WINDOWS\System32\msvcp_win.dll
0x00007ffff06c0000 - 0x00007ffff06ca000 	C:\WINDOWS\SYSTEM32\VERSION.dll
0x00007ffffa6d0000 - 0x00007ffffa700000 	C:\WINDOWS\System32\IMM32.DLL
0x00007fffd2be0000 - 0x00007fffd2c7b000 	C:\Program Files\Java\jdk-11.0.14\bin\msvcp140.dll
0x00007fffb34f0000 - 0x00007fffb4006000 	C:\Program Files\Java\jdk-11.0.14\bin\server\jvm.dll
0x00007ffffa350000 - 0x00007ffffa358000 	C:\WINDOWS\System32\PSAPI.DLL
0x00007fffd49d0000 - 0x00007fffd49d9000 	C:\WINDOWS\SYSTEM32\WSOCK32.dll
0x00007fffed470000 - 0x00007fffed497000 	C:\WINDOWS\SYSTEM32\WINMM.dll
0x00007ffffb4c0000 - 0x00007ffffb52b000 	C:\WINDOWS\System32\WS2_32.dll
0x00007ffff80b0000 - 0x00007ffff80c2000 	C:\WINDOWS\SYSTEM32\kernel.appcore.dll
0x00007ffff1450000 - 0x00007ffff1460000 	C:\Program Files\Java\jdk-11.0.14\bin\verify.dll
0x00007ffff7e90000 - 0x00007ffff8074000 	C:\WINDOWS\SYSTEM32\DBGHELP.DLL
0x00007fffeac40000 - 0x00007fffeac6c000 	C:\WINDOWS\SYSTEM32\dbgcore.DLL
0x00007ffff9850000 - 0x00007ffff98d2000 	C:\WINDOWS\System32\bcryptPrimitives.dll
0x00007fffec400000 - 0x00007fffec428000 	C:\Program Files\Java\jdk-11.0.14\bin\java.dll
0x00007ffff13e0000 - 0x00007ffff13ea000 	C:\Program Files\Java\jdk-11.0.14\bin\jimage.dll
0x00007ffff0b00000 - 0x00007ffff0b0e000 	C:\Program Files\Java\jdk-11.0.14\bin\instrument.dll
0x00007ffff0ae0000 - 0x00007ffff0af6000 	C:\Program Files\Java\jdk-11.0.14\bin\zip.dll
0x00007ffffa8f0000 - 0x00007ffffb034000 	C:\WINDOWS\System32\SHELL32.dll
0x00007ffff75c0000 - 0x00007ffff7d54000 	C:\WINDOWS\SYSTEM32\windows.storage.dll
0x00007ffffb040000 - 0x00007ffffb394000 	C:\WINDOWS\System32\combase.dll
0x00007ffff92b0000 - 0x00007ffff92dc000 	C:\WINDOWS\SYSTEM32\Wldp.dll
0x00007ffffbf40000 - 0x00007ffffbfed000 	C:\WINDOWS\System32\SHCORE.dll
0x00007ffffa700000 - 0x00007ffffa755000 	C:\WINDOWS\System32\shlwapi.dll
0x00007ffff9790000 - 0x00007ffff97af000 	C:\WINDOWS\SYSTEM32\profapi.dll
0x00007fffeee50000 - 0x00007fffeee69000 	C:\Program Files\Java\jdk-11.0.14\bin\net.dll
0x00007ffff15e0000 - 0x00007ffff16e9000 	C:\WINDOWS\SYSTEM32\WINHTTP.dll
0x00007ffff9010000 - 0x00007ffff907a000 	C:\WINDOWS\system32\mswsock.dll
0x00007fffeceb0000 - 0x00007fffecec2000 	C:\Program Files\Java\jdk-11.0.14\bin\nio.dll
0x00007fffec2f0000 - 0x00007fffec30a000 	C:\Program Files\JetBrains\IntelliJ IDEA 2020.1.1\bin\breakgen64.dll
0x00007ffff8d00000 - 0x00007ffff8dca000 	C:\WINDOWS\SYSTEM32\DNSAPI.dll
0x00007ffff8c90000 - 0x00007ffff8ccb000 	C:\WINDOWS\SYSTEM32\IPHLPAPI.DLL
0x00007ffffbde0000 - 0x00007ffffbde8000 	C:\WINDOWS\System32\NSI.dll
0x00007ffff2950000 - 0x00007ffff295a000 	C:\Windows\System32\rasadhlp.dll
0x00007fffea4b0000 - 0x00007fffea52f000 	C:\WINDOWS\System32\fwpuclnt.dll
0x00007ffff9a90000 - 0x00007ffff9ab7000 	C:\WINDOWS\System32\bcrypt.dll
0x00007ffff0ab0000 - 0x00007ffff0ab9000 	C:\Program Files\Java\jdk-11.0.14\bin\management.dll
0x00007ffff0330000 - 0x00007ffff033b000 	C:\Program Files\Java\jdk-11.0.14\bin\management_ext.dll
0x00007ffff9200000 - 0x00007ffff9218000 	C:\WINDOWS\SYSTEM32\CRYPTSP.dll
0x00007ffff88e0000 - 0x00007ffff8914000 	C:\WINDOWS\system32\rsaenh.dll
0x00007ffff9750000 - 0x00007ffff977e000 	C:\WINDOWS\SYSTEM32\USERENV.dll
0x00007ffff9220000 - 0x00007ffff922c000 	C:\WINDOWS\SYSTEM32\CRYPTBASE.dll
0x00007ffff0fe0000 - 0x00007ffff0ff7000 	C:\WINDOWS\SYSTEM32\dhcpcsvc6.DLL
0x00007ffff0e00000 - 0x00007ffff0e1d000 	C:\WINDOWS\SYSTEM32\dhcpcsvc.DLL
0x00007fffcde30000 - 0x00007fffcde47000 	C:\WINDOWS\system32\napinsp.dll
0x00007fffcde10000 - 0x00007fffcde2b000 	C:\WINDOWS\system32\pnrpnsp.dll
0x00007ffff46c0000 - 0x00007ffff46d5000 	C:\WINDOWS\system32\wshbth.dll
0x00007ffff51f0000 - 0x00007ffff520d000 	C:\WINDOWS\system32\NLAapi.dll
0x00007fffcddf0000 - 0x00007fffcde02000 	C:\WINDOWS\System32\winrnr.dll
0x00007fffec3b0000 - 0x00007fffec3bd000 	C:\Program Files\Java\jdk-11.0.14\bin\sunmscapi.dll
0x00007ffff9930000 - 0x00007ffff9a86000 	C:\WINDOWS\System32\CRYPT32.dll
0x00007ffff9320000 - 0x00007ffff9347000 	C:\WINDOWS\SYSTEM32\ncrypt.dll
0x00007ffff92e0000 - 0x00007ffff931b000 	C:\WINDOWS\SYSTEM32\NTASN1.dll
0x00007fffeb4f0000 - 0x00007fffeb515000 	C:\Program Files\Java\jdk-11.0.14\bin\sunec.dll

dbghelp: loaded successfully - version: 4.0.5 - missing functions: none
symbol engine: initialized successfully - sym options: 0x614 - pdb path: .;C:\Program Files\Java\jdk-11.0.14\bin;C:\WINDOWS\SYSTEM32;C:\WINDOWS\WinSxS\amd64_microsoft.windows.common-controls_6595b64144ccf1df_6.0.19041.1110_none_60b5254171f9507e;C:\Program Files\Java\jdk-11.0.14\bin\server;C:\Program Files\JetBrains\IntelliJ IDEA 2020.1.1\bin

VM Arguments:
jvm_args: -XX:TieredStopAtLevel=1 -Xverify:none -Dspring.output.ansi.enabled=always -Dcom.sun.management.jmxremote -Dspring.jmx.enabled=true -Dspring.liveBeansView.mbeanDomain -Dspring.application.admin.enabled=true -javaagent:C:\Program Files\JetBrains\IntelliJ IDEA 2020.1.1\lib\idea_rt.jar=60492:C:\Program Files\JetBrains\IntelliJ IDEA 2020.1.1\bin -Dfile.encoding=UTF-8 
java_command: com.mvcconsulting.datatransfer.core.CoreApplication
java_class_path (initial): C:\Users\csjam\Documents\GitHub\rest-api\target\classes;C:\Users\csjam\.m2\repository\org\springframework\boot\spring-boot-starter-actuator\2.6.5\spring-boot-starter-actuator-2.6.5.jar;C:\Users\csjam\.m2\repository\org\springframework\boot\spring-boot-starter\2.6.5\spring-boot-starter-2.6.5.jar;C:\Users\csjam\.m2\repository\org\springframework\boot\spring-boot\2.6.5\spring-boot-2.6.5.jar;C:\Users\csjam\.m2\repository\org\springframework\boot\spring-boot-autoconfigure\2.6.5\spring-boot-autoconfigure-2.6.5.jar;C:\Users\csjam\.m2\repository\org\springframework\boot\spring-boot-starter-logging\2.6.5\spring-boot-starter-logging-2.6.5.jar;C:\Users\csjam\.m2\repository\ch\qos\logback\logback-classic\1.2.11\logback-classic-1.2.11.jar;C:\Users\csjam\.m2\repository\ch\qos\logback\logback-core\1.2.11\logback-core-1.2.11.jar;C:\Users\csjam\.m2\repository\org\apache\logging\log4j\log4j-to-slf4j\2.17.2\log4j-to-slf4j-2.17.2.jar;C:\Users\csjam\.m2\repository\org\apache\logging\log4j\log4j-api\2.17.2\log4j-api-2.17.2.jar;C:\Users\csjam\.m2\repository\org\slf4j\jul-to-slf4j\1.7.36\jul-to-slf4j-1.7.36.jar;C:\Users\csjam\.m2\repository\jakarta\annotation\jakarta.annotation-api\1.3.5\jakarta.annotation-api-1.3.5.jar;C:\Users\csjam\.m2\repository\org\yaml\snakeyaml\1.29\snakeyaml-1.29.jar;C:\Users\csjam\.m2\repository\org\springframework\boot\spring-boot-actuator-autoconfigure\2.6.5\spring-boot-actuator-autoconfigure-2.6.5.jar;C:\Users\csjam\.m2\repository\org\springframework\boot\spring-boot-actuator\2.6.5\spring-boot-actuator-2.6.5.jar;C:\Users\csjam\.m2\repository\com\fasterxml\jackson\core\jackson-databind\2.13.2\jackson-databind-2.13.2.jar;C:\Users\csjam\.m2\repository\com\fasterxml\jackson\core\jackson-annotations\2.13.2\jackson-annotations-2.13.2.jar;C:\Users\csjam\.m2\repository\com\fasterxml\jackson\core\jackson-core\2.13.2\jackson-core-2.13.2.jar;C:\Users\csjam\.m2\repository\com\fasterxml\jackson\datatype\jackson-datatype-jsr310\2.13.2\jackson-dat
Launcher Type: SUN_STANDARD

[Global flags]
     bool BytecodeVerificationLocal                = false                                     {product} {command line}
     bool BytecodeVerificationRemote               = false                                     {product} {command line}
     intx CICompilerCount                          = 4                                         {product} {ergonomic}
     uint ConcGCThreads                            = 2                                         {product} {ergonomic}
     uint G1ConcRefinementThreads                  = 8                                         {product} {ergonomic}
   size_t G1HeapRegionSize                         = 1048576                                   {product} {ergonomic}
    uintx GCDrainStackTargetSize                   = 64                                        {product} {ergonomic}
   size_t InitialHeapSize                          = 266338304                                 {product} {ergonomic}
     bool ManagementServer                         = true                                      {product} {command line}
   size_t MarkStackSize                            = 4194304                                   {product} {ergonomic}
   size_t MaxHeapSize                              = 4255121408                                {product} {ergonomic}
   size_t MaxNewSize                               = 2552233984                                {product} {ergonomic}
   size_t MinHeapDeltaBytes                        = 1048576                                   {product} {ergonomic}
    uintx NonNMethodCodeHeapSize                   = 7549744                                {pd product} {ergonomic}
    uintx NonProfiledCodeHeapSize                  = 244108496                              {pd product} {ergonomic}
    uintx ProfiledCodeHeapSize                     = 0                                      {pd product} {ergonomic}
    uintx ReservedCodeCacheSize                    = 251658240                              {pd product} {ergonomic}
     bool SegmentedCodeCache                       = true                                      {product} {ergonomic}
     intx TieredStopAtLevel                        = 1                                         {product} {command line}
     bool UseCompressedClassPointers               = true                                 {lp64_product} {ergonomic}
     bool UseCompressedOops                        = true                                 {lp64_product} {ergonomic}
     bool UseG1GC                                  = true                                      {product} {ergonomic}
     bool UseLargePagesIndividualAllocation        = false                                  {pd product} {ergonomic}

Logging:
Log output configuration:
 #0: stdout all=warning uptime,level,tags
 #1: stderr all=off uptime,level,tags

Environment Variables:
JAVA_HOME=C:\Program Files\Eclipse Adoptium\jdk-17.0.1.12-hotspot
CLASSPATH=C:\Program Files\Java\jdk1.8.0_151\lib; C:\Program Files\Java\jdk1.8.0_151\lib\tools.jar
PATH=C:\Python27\;C:\Python27\Scripts;C:\Python310\Scripts\;C:\Python310\;C:\Program Files\Common Files\Oracle\Java\javapath;C:\Program Files\Eclipse Adoptium\jdk-17.0.1.12-hotspot\bin;C:\Program Files (x86)\Intel\iCLS Client\;C:\ProgramData\Oracle\Java\javapath;C:\Program Files\Intel\iCLS Client\;C:\Windows\system32;C:\Windows;C:\Windows\System32\Wbem;C:\Windows\System32\WindowsPowerShell\v1.0\;C:\Program Files (x86)\NVIDIA Corporation\PhysX\Common;C:\Program Files\Java\jdk1.8.0_151\bin;C:\Program Files\Git\cmd;C:\WINDOWS\system32;C:\WINDOWS;C:\WINDOWS\System32\Wbem;C:\WINDOWS\System32\WindowsPowerShell\v1.0\;C:\WINDOWS\System32\OpenSSH\;C:\Program Files\PuTTY\;C:\ProgramData\chocolatey\bin;C:\Program Files\dotnet\;C:\Program Files\Microsoft SQL Server\130\Tools\Binn\;C:\Program Files\Microsoft SQL Server\Client SDK\ODBC\170\Tools\Binn\;C:\Program Files (x86)\Intel\Intel(R) Management Engine Components\DAL;C:\Program Files\Intel\Intel(R) Management Engine Components\DAL;C:\Program Files (x86)\Intel\Intel(R) Management Engine Components\IPT;C:\Program Files\Intel\Intel(R) Management Engine Components\IPT;C:\Program Files (x86)\SMLNJ\bin\;C:\Program Files\Go\bin;;C:\Program Files\Docker\Docker\resources\bin;C:\ProgramData\DockerDesktop\version-bin;C:\Program Files (x86)\Windows Kits\10\Windows Performance Toolkit\;C:\Program Files\nodejs\;C:\Program Files\MySQL\MySQL Shell 8.0\bin\;C:\Users\csjam\AppData\Local\Microsoft\WindowsApps;C:\MySoftware\apache-maven-3.5.2\bin;C:\Users\csjam\AppData\Local\Programs\Microsoft VS Code\bin;C:\Users\csjam\AppData\Local\GitHubDesktop\bin;C:\Users\csjam\.dotnet\tools;C:\Users\csjam\AppData\Local\Microsoft\WindowsApps;C:\Users\csjam\go\bin;C:\Program Files\Go\bin;C:\Users\csjam\AppData\Roaming\npm
USERNAME=csjamesdu
OS=Windows_NT
PROCESSOR_IDENTIFIER=Intel64 Family 6 Model 158 Stepping 9, GenuineIntel



---------------  S Y S T E M  ---------------

OS: Windows 10 , 64 bit Build 19041 (10.0.19041.1566)
Hyper-V role detected

CPU:total 8 (initial active 8) (4 cores per cpu, 2 threads per core) family 6 model 158 stepping 9 microcode 0xb4, cmov, cx8, fxsr, mmx, sse, sse2, sse3, ssse3, sse4.1, sse4.2, popcnt, avx, avx2, aes, clmul, erms, 3dnowpref, lzcnt, ht, tsc, tscinvbit, bmi1, bmi2, adx, fma

Memory: 4k page, system-wide physical 16227M (3436M free)
TotalPageFile size 19427M (AvailPageFile size 2M)
current process WorkingSet (physical memory assigned to process): 217M, peak: 217M
current process commit charge ("private bytes"): 403M, peak: 404M

vm_info: Java HotSpot(TM) 64-Bit Server VM (11.0.14+8-LTS-263) for windows-amd64 JRE (11.0.14+8-LTS-263), built on Dec  7 2021 21:53:57 by "mach5one" with MS VC++ 15.9 (VS2017)

END.
